  Source.cpp
C:\Users\GAMING\source\repos\Project10\Project10\Source.cpp(382,21): warning C4018: '<': signed/unsigned mismatch
C:\Users\GAMING\source\repos\Project10\Project10\Source.cpp(479,21): warning C4018: '<': signed/unsigned mismatch
C:\Program Files (x86)\Microsoft Visual Studio\2019\Community\VC\Tools\MSVC\14.29.30133\include\xmemory(714,47): error C2661: 'std::pair<const std::string,std::set<size_t,std::less<size_t>,std::allocator<size_t>>>::pair': no overloaded function takes 2 arguments
C:\Program Files (x86)\Microsoft Visual Studio\2019\Community\VC\Tools\MSVC\14.29.30133\include\xtree(811): message : see reference to function template instantiation 'void std::_Default_allocator_traits<_Alloc>::construct<_Ty,const std::basic_string<char,std::char_traits<char>,std::allocator<char>>&,int&>(_Alloc &,_Objty *const ,const std::basic_string<char,std::char_traits<char>,std::allocator<char>> &,int &)' being compiled
          with
          [
              _Alloc=std::allocator<std::_Tree_node<std::pair<const std::string,std::set<size_t,std::less<size_t>,std::allocator<size_t>>>,std::_Default_allocator_traits<std::allocator<std::pair<const std::string,std::set<size_t,std::less<size_t>,std::allocator<size_t>>>>>::void_pointer>>,
              _Ty=std::pair<const std::string,std::set<size_t,std::less<size_t>,std::allocator<size_t>>>,
              _Objty=std::pair<const std::string,std::set<size_t,std::less<size_t>,std::allocator<size_t>>>
          ]
C:\Program Files (x86)\Microsoft Visual Studio\2019\Community\VC\Tools\MSVC\14.29.30133\include\xtree(812): message : see reference to function template instantiation 'void std::_Default_allocator_traits<_Alloc>::construct<_Ty,const std::basic_string<char,std::char_traits<char>,std::allocator<char>>&,int&>(_Alloc &,_Objty *const ,const std::basic_string<char,std::char_traits<char>,std::allocator<char>> &,int &)' being compiled
          with
          [
              _Alloc=std::allocator<std::_Tree_node<std::pair<const std::string,std::set<size_t,std::less<size_t>,std::allocator<size_t>>>,std::_Default_allocator_traits<std::allocator<std::pair<const std::string,std::set<size_t,std::less<size_t>,std::allocator<size_t>>>>>::void_pointer>>,
              _Ty=std::pair<const std::string,std::set<size_t,std::less<size_t>,std::allocator<size_t>>>,
              _Objty=std::pair<const std::string,std::set<size_t,std::less<size_t>,std::allocator<size_t>>>
          ]
C:\Program Files (x86)\Microsoft Visual Studio\2019\Community\VC\Tools\MSVC\14.29.30133\include\xtree(1007): message : see reference to function template instantiation 'std::_Tree_temp_node<std::allocator<std::_Tree_node<std::pair<const std::string,std::set<size_t,std::less<size_t>,std::allocator<size_t>>>,std::_Default_allocator_traits<_Alloc>::void_pointer>>>::_Tree_temp_node<const _Ty&,int&>(_Alnode &,std::_Tree_node<std::pair<const std::string,std::set<size_t,std::less<size_t>,std::allocator<size_t>>>,std::_Default_allocator_traits<_Alloc>::void_pointer> *,const _Ty &,int &)' being compiled
          with
          [
              _Alloc=std::allocator<std::pair<const std::string,std::set<size_t,std::less<size_t>,std::allocator<size_t>>>>,
              _Ty=std::string,
              _Alnode=std::allocator<std::_Tree_node<std::pair<const std::string,std::set<size_t,std::less<size_t>,std::allocator<size_t>>>,std::_Default_allocator_traits<std::allocator<std::pair<const std::string,std::set<size_t,std::less<size_t>,std::allocator<size_t>>>>>::void_pointer>>
          ]
C:\Program Files (x86)\Microsoft Visual Studio\2019\Community\VC\Tools\MSVC\14.29.30133\include\xtree(1020): message : see reference to function template instantiation 'std::_Tree_temp_node<std::allocator<std::_Tree_node<std::pair<const std::string,std::set<size_t,std::less<size_t>,std::allocator<size_t>>>,std::_Default_allocator_traits<_Alloc>::void_pointer>>>::_Tree_temp_node<const _Ty&,int&>(_Alnode &,std::_Tree_node<std::pair<const std::string,std::set<size_t,std::less<size_t>,std::allocator<size_t>>>,std::_Default_allocator_traits<_Alloc>::void_pointer> *,const _Ty &,int &)' being compiled
          with
          [
              _Alloc=std::allocator<std::pair<const std::string,std::set<size_t,std::less<size_t>,std::allocator<size_t>>>>,
              _Ty=std::string,
              _Alnode=std::allocator<std::_Tree_node<std::pair<const std::string,std::set<size_t,std::less<size_t>,std::allocator<size_t>>>,std::_Default_allocator_traits<std::allocator<std::pair<const std::string,std::set<size_t,std::less<size_t>,std::allocator<size_t>>>>>::void_pointer>>
          ]
C:\Program Files (x86)\Microsoft Visual Studio\2019\Community\VC\Tools\MSVC\14.29.30133\include\xtree(1044): message : see reference to function template instantiation 'std::pair<std::_Tree_node<std::pair<const std::string,std::set<size_t,std::less<size_t>,std::allocator<size_t>>>,std::_Default_allocator_traits<_Alloc>::void_pointer> *,bool> std::_Tree<std::_Tmap_traits<_Kty,_Ty,_Pr,_Alloc,false>>::_Emplace<const std::basic_string<char,std::char_traits<char>,std::allocator<char>>&,int&>(const std::basic_string<char,std::char_traits<char>,std::allocator<char>> &,int &)' being compiled
          with
          [
              _Alloc=std::allocator<std::pair<const std::string,std::set<size_t,std::less<size_t>,std::allocator<size_t>>>>,
              _Kty=std::string,
              _Ty=std::set<size_t,std::less<size_t>,std::allocator<size_t>>,
              _Pr=std::less<std::string>
          ]
C:\Program Files (x86)\Microsoft Visual Studio\2019\Community\VC\Tools\MSVC\14.29.30133\include\xtree(1045): message : see reference to function template instantiation 'std::pair<std::_Tree_node<std::pair<const std::string,std::set<size_t,std::less<size_t>,std::allocator<size_t>>>,std::_Default_allocator_traits<_Alloc>::void_pointer> *,bool> std::_Tree<std::_Tmap_traits<_Kty,_Ty,_Pr,_Alloc,false>>::_Emplace<const std::basic_string<char,std::char_traits<char>,std::allocator<char>>&,int&>(const std::basic_string<char,std::char_traits<char>,std::allocator<char>> &,int &)' being compiled
          with
          [
              _Alloc=std::allocator<std::pair<const std::string,std::set<size_t,std::less<size_t>,std::allocator<size_t>>>>,
              _Kty=std::string,
              _Ty=std::set<size_t,std::less<size_t>,std::allocator<size_t>>,
              _Pr=std::less<std::string>
          ]
C:\Users\GAMING\source\repos\Project10\Project10\Source.cpp(488): message : see reference to function template instantiation 'std::pair<std::_Tree_iterator<std::_Tree_val<std::_Tree_simple_types<std::pair<const std::string,std::set<size_t,std::less<size_t>,std::allocator<size_t>>>>>>,bool> std::_Tree<std::_Tmap_traits<_Kty,_Ty,_Pr,_Alloc,false>>::emplace<const std::basic_string<char,std::char_traits<char>,std::allocator<char>>&,int&>(const std::basic_string<char,std::char_traits<char>,std::allocator<char>> &,int &)' being compiled
          with
          [
              _Kty=std::string,
              _Ty=std::set<size_t,std::less<size_t>,std::allocator<size_t>>,
              _Pr=std::less<std::string>,
              _Alloc=std::allocator<std::pair<const std::string,std::set<size_t,std::less<size_t>,std::allocator<size_t>>>>
          ]
C:\Users\GAMING\source\repos\Project10\Project10\Source.cpp(488): message : see reference to function template instantiation 'std::pair<std::_Tree_iterator<std::_Tree_val<std::_Tree_simple_types<std::pair<const std::string,std::set<size_t,std::less<size_t>,std::allocator<size_t>>>>>>,bool> std::_Tree<std::_Tmap_traits<_Kty,_Ty,_Pr,_Alloc,false>>::emplace<const std::basic_string<char,std::char_traits<char>,std::allocator<char>>&,int&>(const std::basic_string<char,std::char_traits<char>,std::allocator<char>> &,int &)' being compiled
          with
          [
              _Kty=std::string,
              _Ty=std::set<size_t,std::less<size_t>,std::allocator<size_t>>,
              _Pr=std::less<std::string>,
              _Alloc=std::allocator<std::pair<const std::string,std::set<size_t,std::less<size_t>,std::allocator<size_t>>>>
          ]
